{"/Users/jgilber/Documents/sampleRulesEngine/index.js": {"path":"/Users/jgilber/Documents/sampleRulesEngine/index.js","statementMap":{"0":{"start":{"line":3,"column":18},"end":{"line":3,"column":41}},"1":{"start":{"line":4,"column":21},"end":{"line":4,"column":43}},"2":{"start":{"line":5,"column":14},"end":{"line":5,"column":30}},"3":{"start":{"line":8,"column":11},"end":{"line":8,"column":27}},"4":{"start":{"line":9,"column":20},"end":{"line":9,"column":25}},"5":{"start":{"line":10,"column":16},"end":{"line":10,"column":54}},"6":{"start":{"line":11,"column":11},"end":{"line":11,"column":31}},"7":{"start":{"line":12,"column":0},"end":{"line":12,"column":132}},"8":{"start":{"line":18,"column":2},"end":{"line":18,"column":32}},"9":{"start":{"line":21,"column":0},"end":{"line":21,"column":21}},"10":{"start":{"line":25,"column":23},"end":{"line":27,"column":1}},"11":{"start":{"line":26,"column":2},"end":{"line":26,"column":33}},"12":{"start":{"line":31,"column":2},"end":{"line":33,"column":3}},"13":{"start":{"line":31,"column":19},"end":{"line":31,"column":20}},"14":{"start":{"line":32,"column":4},"end":{"line":32,"column":33}},"15":{"start":{"line":37,"column":13},"end":{"line":58,"column":1}},"16":{"start":{"line":38,"column":2},"end":{"line":38,"column":16}},"17":{"start":{"line":39,"column":2},"end":{"line":39,"column":105}},"18":{"start":{"line":41,"column":13},"end":{"line":41,"column":29}},"19":{"start":{"line":42,"column":2},"end":{"line":42,"column":46}},"20":{"start":{"line":44,"column":2},"end":{"line":44,"column":35}},"21":{"start":{"line":45,"column":13},"end":{"line":45,"column":33}},"22":{"start":{"line":47,"column":31},"end":{"line":47,"column":53}},"23":{"start":{"line":48,"column":15},"end":{"line":48,"column":16}},"24":{"start":{"line":49,"column":2},"end":{"line":54,"column":5}},"25":{"start":{"line":50,"column":40},"end":{"line":50,"column":46}},"26":{"start":{"line":51,"column":4},"end":{"line":53,"column":5}},"27":{"start":{"line":52,"column":6},"end":{"line":52,"column":15}},"28":{"start":{"line":55,"column":2},"end":{"line":55,"column":18}},"29":{"start":{"line":56,"column":2},"end":{"line":56,"column":137}},"30":{"start":{"line":57,"column":2},"end":{"line":57,"column":65}},"31":{"start":{"line":61,"column":0},"end":{"line":61,"column":14}},"32":{"start":{"line":64,"column":0},"end":{"line":66,"column":3}},"33":{"start":{"line":65,"column":2},"end":{"line":65,"column":51}}},"fnMap":{"0":{"name":"Metrics","decl":{"start":{"line":17,"column":9},"end":{"line":17,"column":16}},"loc":{"start":{"line":17,"column":26},"end":{"line":19,"column":1}},"line":17},"1":{"name":"(anonymous_1)","decl":{"start":{"line":25,"column":23},"end":{"line":25,"column":24}},"loc":{"start":{"line":25,"column":40},"end":{"line":27,"column":1}},"line":25},"2":{"name":"asyncForEach","decl":{"start":{"line":30,"column":15},"end":{"line":30,"column":27}},"loc":{"start":{"line":30,"column":45},"end":{"line":34,"column":1}},"line":30},"3":{"name":"(anonymous_3)","decl":{"start":{"line":37,"column":13},"end":{"line":37,"column":14}},"loc":{"start":{"line":37,"column":32},"end":{"line":58,"column":1}},"line":37},"4":{"name":"(anonymous_4)","decl":{"start":{"line":49,"column":26},"end":{"line":49,"column":27}},"loc":{"start":{"line":49,"column":38},"end":{"line":54,"column":3}},"line":49},"5":{"name":"(anonymous_5)","decl":{"start":{"line":64,"column":33},"end":{"line":64,"column":34}},"loc":{"start":{"line":64,"column":42},"end":{"line":66,"column":1}},"line":64}},"branchMap":{"0":{"loc":{"start":{"line":51,"column":4},"end":{"line":53,"column":5}},"type":"if","locations":[{"start":{"line":51,"column":4},"end":{"line":53,"column":5}},{"start":{"line":51,"column":4},"end":{"line":53,"column":5}}],"line":51},"1":{"loc":{"start":{"line":51,"column":8},"end":{"line":51,"column":37}},"type":"binary-expr","locations":[{"start":{"line":51,"column":8},"end":{"line":51,"column":15}},{"start":{"line":51,"column":19},"end":{"line":51,"column":37}}],"line":51}},"s":{"0":0,"1":0,"2":0,"3":0,"4":0,"5":0,"6":0,"7":0,"8":0,"9":0,"10":0,"11":0,"12":0,"13":0,"14":0,"15":0,"16":0,"17":0,"18":0,"19":0,"20":0,"21":0,"22":0,"23":0,"24":0,"25":0,"26":0,"27":0,"28":0,"29":0,"30":0,"31":0,"32":0,"33":0},"f":{"0":0,"1":0,"2":0,"3":0,"4":0,"5":0},"b":{"0":[0,0],"1":[0,0]}}
}
